#####################################################################################
#                            START SYNTHESIS (AREA optimized)
#====================================================================================
# Cyclone II (EP2C20F484C), speedgrade: -6
#====================================================================================
# PMEM_AWIDTH DMEM_AWIDTH  DBG_EN  DBG_HWBRK_0 DBG_HWBRK_1 DBG_HWBRK_2 DBG_HWBRK_3 MULTIPLIER
#     12          10          0         0            0          0            0         1
#====================================================================================
Type           : Clock Setup: 'dco_clk'
Slack          : -17.586 ns
Required Time  : 240.04 MHz ( period = 4.166 ns )
Actual Time    : 45.97 MHz ( period = 21.752 ns )

====================================================================================
Total logic elements : 1,785 / 18,752 ( 10 % )
    Total combinational functions : 1,732 / 18,752 ( 9 % )
    Dedicated logic registers : 537 / 18,752 ( 3 % )
Total registers : 537
Total pins : 80 / 315 ( 25 % )
Total virtual pins : 0
Total memory bits : 81,920 / 239,616 ( 34 % )
Embedded Multiplier 9-bit elements : 2 / 52 ( 4 % )
Total PLLs : 0 / 4 ( 0 % )

====================================================================================
#                            SYNTHESIS DONE
#####################################################################################

#####################################################################################
#                            START SYNTHESIS (AREA optimized)
#====================================================================================
# Cyclone II (EP2C20F484C), speedgrade: -7
#====================================================================================
# PMEM_AWIDTH DMEM_AWIDTH  DBG_EN  DBG_HWBRK_0 DBG_HWBRK_1 DBG_HWBRK_2 DBG_HWBRK_3 MULTIPLIER
#     12          10          0         0            0          0            0         1
#====================================================================================
Type           : Clock Setup: 'dco_clk'
Slack          : -22.153 ns
Required Time  : 240.04 MHz ( period = 4.166 ns )
Actual Time    : 38.00 MHz ( period = 26.319 ns )

====================================================================================
Total logic elements : 1,781 / 18,752 ( 9 % )
    Total combinational functions : 1,732 / 18,752 ( 9 % )
    Dedicated logic registers : 537 / 18,752 ( 3 % )
Total registers : 537
Total pins : 80 / 315 ( 25 % )
Total virtual pins : 0
Total memory bits : 81,920 / 239,616 ( 34 % )
Embedded Multiplier 9-bit elements : 2 / 52 ( 4 % )
Total PLLs : 0 / 4 ( 0 % )

====================================================================================
#                            SYNTHESIS DONE
#####################################################################################

#####################################################################################
#                            START SYNTHESIS (AREA optimized)
#====================================================================================
# Cyclone II (EP2C20F484C), speedgrade: -8
#====================================================================================
# PMEM_AWIDTH DMEM_AWIDTH  DBG_EN  DBG_HWBRK_0 DBG_HWBRK_1 DBG_HWBRK_2 DBG_HWBRK_3 MULTIPLIER
#     12          10          0         0            0          0            0         1
#====================================================================================
Type           : Clock Setup: 'dco_clk'
Slack          : -26.587 ns
Required Time  : 240.04 MHz ( period = 4.166 ns )
Actual Time    : 32.52 MHz ( period = 30.753 ns )

====================================================================================
Total logic elements : 1,779 / 18,752 ( 9 % )
    Total combinational functions : 1,732 / 18,752 ( 9 % )
    Dedicated logic registers : 537 / 18,752 ( 3 % )
Total registers : 537
Total pins : 80 / 315 ( 25 % )
Total virtual pins : 0
Total memory bits : 81,920 / 239,616 ( 34 % )
Embedded Multiplier 9-bit elements : 2 / 52 ( 4 % )
Total PLLs : 0 / 4 ( 0 % )

====================================================================================
#                            SYNTHESIS DONE
#####################################################################################

#####################################################################################
#                            START SYNTHESIS (AREA optimized)
#====================================================================================
# Cyclone III (EP3C55F484C), speedgrade: -6
#====================================================================================
# PMEM_AWIDTH DMEM_AWIDTH  DBG_EN  DBG_HWBRK_0 DBG_HWBRK_1 DBG_HWBRK_2 DBG_HWBRK_3 MULTIPLIER
#     12          10          0         0            0          0            0         1
#====================================================================================
+-------------------------------------------------+
; Slow 1200mV 85C Model Fmax Summary              ;
+-----------+-----------------+------------+------+
; Fmax      ; Restricted Fmax ; Clock Name ; Note ;
+-----------+-----------------+------------+------+
; 49.06 MHz ; 49.06 MHz       ; dco_clk    ;      ;
+-----------+-----------------+------------+------+

====================================================================================
Total logic elements : 1,752 / 55,856 ( 3 % )
    Total combinational functions : 1,732 / 55,856 ( 3 % )
    Dedicated logic registers : 537 / 55,856 ( < 1 % )
Total registers : 537
Total pins : 80 / 328 ( 24 % )
Total virtual pins : 0
Total memory bits : 81,920 / 2,396,160 ( 3 % )
Embedded Multiplier 9-bit elements : 2 / 312 ( < 1 % )
Total PLLs : 0 / 4 ( 0 % )

====================================================================================
#                            SYNTHESIS DONE
#####################################################################################

#####################################################################################
#                            START SYNTHESIS (AREA optimized)
#====================================================================================
# Cyclone III (EP3C55F484C), speedgrade: -7
#====================================================================================
# PMEM_AWIDTH DMEM_AWIDTH  DBG_EN  DBG_HWBRK_0 DBG_HWBRK_1 DBG_HWBRK_2 DBG_HWBRK_3 MULTIPLIER
#     12          10          0         0            0          0            0         1
#====================================================================================
+-------------------------------------------------+
; Slow 1200mV 85C Model Fmax Summary              ;
+-----------+-----------------+------------+------+
; Fmax      ; Restricted Fmax ; Clock Name ; Note ;
+-----------+-----------------+------------+------+
; 41.01 MHz ; 41.01 MHz       ; dco_clk    ;      ;
+-----------+-----------------+------------+------+

====================================================================================
Total logic elements : 1,750 / 55,856 ( 3 % )
    Total combinational functions : 1,732 / 55,856 ( 3 % )
    Dedicated logic registers : 537 / 55,856 ( < 1 % )
Total registers : 537
Total pins : 80 / 328 ( 24 % )
Total virtual pins : 0
Total memory bits : 81,920 / 2,396,160 ( 3 % )
Embedded Multiplier 9-bit elements : 2 / 312 ( < 1 % )
Total PLLs : 0 / 4 ( 0 % )

====================================================================================
#                            SYNTHESIS DONE
#####################################################################################

#####################################################################################
#                            START SYNTHESIS (AREA optimized)
#====================================================================================
# Cyclone III (EP3C55F484C), speedgrade: -8
#====================================================================================
# PMEM_AWIDTH DMEM_AWIDTH  DBG_EN  DBG_HWBRK_0 DBG_HWBRK_1 DBG_HWBRK_2 DBG_HWBRK_3 MULTIPLIER
#     12          10          0         0            0          0            0         1
#====================================================================================
+-------------------------------------------------+
; Slow 1200mV 85C Model Fmax Summary              ;
+-----------+-----------------+------------+------+
; Fmax      ; Restricted Fmax ; Clock Name ; Note ;
+-----------+-----------------+------------+------+
; 37.34 MHz ; 37.34 MHz       ; dco_clk    ;      ;
+-----------+-----------------+------------+------+

====================================================================================
Total logic elements : 1,752 / 55,856 ( 3 % )
    Total combinational functions : 1,732 / 55,856 ( 3 % )
    Dedicated logic registers : 537 / 55,856 ( < 1 % )
Total registers : 537
Total pins : 80 / 328 ( 24 % )
Total virtual pins : 0
Total memory bits : 81,920 / 2,396,160 ( 3 % )
Embedded Multiplier 9-bit elements : 2 / 312 ( < 1 % )
Total PLLs : 0 / 4 ( 0 % )

====================================================================================
#                            SYNTHESIS DONE
#####################################################################################

#####################################################################################
#                            START SYNTHESIS (AREA optimized)
#====================================================================================
# Cyclone IV GX (EP4CGX22CF19C), speedgrade: -6
#====================================================================================
# PMEM_AWIDTH DMEM_AWIDTH  DBG_EN  DBG_HWBRK_0 DBG_HWBRK_1 DBG_HWBRK_2 DBG_HWBRK_3 MULTIPLIER
#     12          10          0         0            0          0            0         1
#====================================================================================
+------------------------------------------------+
; Slow 1200mV 85C Model Fmax Summary             ;
+----------+-----------------+------------+------+
; Fmax     ; Restricted Fmax ; Clock Name ; Note ;
+----------+-----------------+------------+------+
; 49.1 MHz ; 49.1 MHz        ; dco_clk    ;      ;
+----------+-----------------+------------+------+

====================================================================================
Total logic elements : 1,750 / 21,280 ( 8 % )
    Total combinational functions : 1,732 / 21,280 ( 8 % )
    Dedicated logic registers : 537 / 21,280 ( 3 % )
Total registers : 0
Total pins : 80 / 167 ( 48 % )
Total virtual pins : 0
Total memory bits : 81,920 / 774,144 ( 11 % )
Embedded Multiplier 9-bit elements : 2 / 80 ( 3 % )
Total GXB Receiver Channel PCS : 0 / 4 ( 0 % )
Total GXB Receiver Channel PMA : 0 / 4 ( 0 % )
Total GXB Transmitter Channel PCS : 0 / 4 ( 0 % )
Total GXB Transmitter Channel PMA : 0 / 4 ( 0 % )
Total PLLs : 0 / 4 ( 0 % )

====================================================================================
#                            SYNTHESIS DONE
#####################################################################################

#####################################################################################
#                            START SYNTHESIS (AREA optimized)
#====================================================================================
# Cyclone IV GX (EP4CGX22CF19C), speedgrade: -7
#====================================================================================
# PMEM_AWIDTH DMEM_AWIDTH  DBG_EN  DBG_HWBRK_0 DBG_HWBRK_1 DBG_HWBRK_2 DBG_HWBRK_3 MULTIPLIER
#     12          10          0         0            0          0            0         1
#====================================================================================
+-------------------------------------------------+
; Slow 1200mV 85C Model Fmax Summary              ;
+-----------+-----------------+------------+------+
; Fmax      ; Restricted Fmax ; Clock Name ; Note ;
+-----------+-----------------+------------+------+
; 42.92 MHz ; 42.92 MHz       ; dco_clk    ;      ;
+-----------+-----------------+------------+------+

====================================================================================
Total logic elements : 1,749 / 21,280 ( 8 % )
    Total combinational functions : 1,732 / 21,280 ( 8 % )
    Dedicated logic registers : 537 / 21,280 ( 3 % )
Total registers : 0
Total pins : 80 / 167 ( 48 % )
Total virtual pins : 0
Total memory bits : 81,920 / 774,144 ( 11 % )
Embedded Multiplier 9-bit elements : 2 / 80 ( 3 % )
Total GXB Receiver Channel PCS : 0 / 4 ( 0 % )
Total GXB Receiver Channel PMA : 0 / 4 ( 0 % )
Total GXB Transmitter Channel PCS : 0 / 4 ( 0 % )
Total GXB Transmitter Channel PMA : 0 / 4 ( 0 % )
Total PLLs : 0 / 4 ( 0 % )

====================================================================================
#                            SYNTHESIS DONE
#####################################################################################

#####################################################################################
#                            START SYNTHESIS (AREA optimized)
#====================================================================================
# Cyclone IV GX (EP4CGX22CF19C), speedgrade: -8
#====================================================================================
# PMEM_AWIDTH DMEM_AWIDTH  DBG_EN  DBG_HWBRK_0 DBG_HWBRK_1 DBG_HWBRK_2 DBG_HWBRK_3 MULTIPLIER
#     12          10          0         0            0          0            0         1
#====================================================================================
+-------------------------------------------------+
; Slow 1200mV 85C Model Fmax Summary              ;
+-----------+-----------------+------------+------+
; Fmax      ; Restricted Fmax ; Clock Name ; Note ;
+-----------+-----------------+------------+------+
; 37.09 MHz ; 37.09 MHz       ; dco_clk    ;      ;
+-----------+-----------------+------------+------+

====================================================================================
Total logic elements : 1,747 / 21,280 ( 8 % )
    Total combinational functions : 1,732 / 21,280 ( 8 % )
    Dedicated logic registers : 537 / 21,280 ( 3 % )
Total registers : 0
Total pins : 80 / 167 ( 48 % )
Total virtual pins : 0
Total memory bits : 81,920 / 774,144 ( 11 % )
Embedded Multiplier 9-bit elements : 2 / 80 ( 3 % )
Total GXB Receiver Channel PCS : 0 / 4 ( 0 % )
Total GXB Receiver Channel PMA : 0 / 4 ( 0 % )
Total GXB Transmitter Channel PCS : 0 / 4 ( 0 % )
Total GXB Transmitter Channel PMA : 0 / 4 ( 0 % )
Total PLLs : 0 / 4 ( 0 % )

====================================================================================
#                            SYNTHESIS DONE
#####################################################################################

#####################################################################################
#                            START SYNTHESIS (AREA optimized)
#====================================================================================
# Arria GX (EP1AGX50CF484C), speedgrade: -6
#====================================================================================
# PMEM_AWIDTH DMEM_AWIDTH  DBG_EN  DBG_HWBRK_0 DBG_HWBRK_1 DBG_HWBRK_2 DBG_HWBRK_3 MULTIPLIER
#     12          10          0         0            0          0            0         1
#====================================================================================
+-------------------------------------------------+
; Slow Model Fmax Summary                         ;
+-----------+-----------------+------------+------+
; Fmax      ; Restricted Fmax ; Clock Name ; Note ;
+-----------+-----------------+------------+------+
; 45.11 MHz ; 45.11 MHz       ; dco_clk    ;      ;
+-----------+-----------------+------------+------+

====================================================================================
Logic utilization : 4 %
    Combinational ALUTs : 1,160 / 40,128 ( 3 % )
    Dedicated logic registers : 539 / 40,128 ( 1 % )
Total registers : 539
Total pins : 80 / 254 ( 31 % )
Total virtual pins : 0
Total block memory bits : 81,920 / 2,475,072 ( 3 % )
DSP block 9-bit elements : 2 / 208 ( < 1 % )
Total GXB Receiver Channels : 0 / 4 ( 0 % )
Total GXB Transmitter Channels : 0 / 4 ( 0 % )
Total PLLs : 0 / 4 ( 0 % )
Total DLLs : 0 / 2 ( 0 % )

====================================================================================
#                            SYNTHESIS DONE
#####################################################################################

#####################################################################################
#                            START SYNTHESIS (AREA optimized)
#====================================================================================
# Arria II GX (EP2AGX45DF29C), speedgrade: -4
#====================================================================================
# PMEM_AWIDTH DMEM_AWIDTH  DBG_EN  DBG_HWBRK_0 DBG_HWBRK_1 DBG_HWBRK_2 DBG_HWBRK_3 MULTIPLIER
#     12          10          0         0            0          0            0         1
#====================================================================================
+-------------------------------------------------+
; Slow 900mV 85C Model Fmax Summary               ;
+-----------+-----------------+------------+------+
; Fmax      ; Restricted Fmax ; Clock Name ; Note ;
+-----------+-----------------+------------+------+
; 80.28 MHz ; 80.28 MHz       ; dco_clk    ;      ;
+-----------+-----------------+------------+------+

====================================================================================
Logic utilization : 5 %
    Combinational ALUTs : 1,146 / 36,100 ( 3 % )
    Memory ALUTs : 0 / 18,050 ( 0 % )
    Dedicated logic registers : 540 / 36,100 ( 1 % )
Total registers : 540
Total pins : 80 / 404 ( 20 % )
Total virtual pins : 0
Total block memory bits : 81,920 / 2,939,904 ( 3 % )
DSP block 18-bit elements : 2 / 232 ( < 1 % )
Total GXB Receiver Channel PCS : 0 / 8 ( 0 % )
Total GXB Receiver Channel PMA : 0 / 8 ( 0 % )
Total GXB Transmitter Channel PCS : 0 / 8 ( 0 % )
Total GXB Transmitter Channel PMA : 0 / 8 ( 0 % )
Total PLLs : 0 / 4 ( 0 % )
Total DLLs : 0 / 2 ( 0 % )

====================================================================================
#                            SYNTHESIS DONE
#####################################################################################

#####################################################################################
#                            START SYNTHESIS (AREA optimized)
#====================================================================================
# Arria II GX (EP2AGX45DF29C), speedgrade: -5
#====================================================================================
# PMEM_AWIDTH DMEM_AWIDTH  DBG_EN  DBG_HWBRK_0 DBG_HWBRK_1 DBG_HWBRK_2 DBG_HWBRK_3 MULTIPLIER
#     12          10          0         0            0          0            0         1
#====================================================================================
+-------------------------------------------------+
; Slow 900mV 85C Model Fmax Summary               ;
+-----------+-----------------+------------+------+
; Fmax      ; Restricted Fmax ; Clock Name ; Note ;
+-----------+-----------------+------------+------+
; 71.11 MHz ; 71.11 MHz       ; dco_clk    ;      ;
+-----------+-----------------+------------+------+

====================================================================================
Logic utilization : 5 %
    Combinational ALUTs : 1,148 / 36,100 ( 3 % )
    Memory ALUTs : 0 / 18,050 ( 0 % )
    Dedicated logic registers : 539 / 36,100 ( 1 % )
Total registers : 539
Total pins : 80 / 404 ( 20 % )
Total virtual pins : 0
Total block memory bits : 81,920 / 2,939,904 ( 3 % )
DSP block 18-bit elements : 2 / 232 ( < 1 % )
Total GXB Receiver Channel PCS : 0 / 8 ( 0 % )
Total GXB Receiver Channel PMA : 0 / 8 ( 0 % )
Total GXB Transmitter Channel PCS : 0 / 8 ( 0 % )
Total GXB Transmitter Channel PMA : 0 / 8 ( 0 % )
Total PLLs : 0 / 4 ( 0 % )
Total DLLs : 0 / 2 ( 0 % )

====================================================================================
#                            SYNTHESIS DONE
#####################################################################################

#####################################################################################
#                            START SYNTHESIS (AREA optimized)
#====================================================================================
# Arria II GX (EP2AGX45DF29C), speedgrade: -6
#====================================================================================
# PMEM_AWIDTH DMEM_AWIDTH  DBG_EN  DBG_HWBRK_0 DBG_HWBRK_1 DBG_HWBRK_2 DBG_HWBRK_3 MULTIPLIER
#     12          10          0         0            0          0            0         1
#====================================================================================
+-------------------------------------------------+
; Slow 900mV 85C Model Fmax Summary               ;
+-----------+-----------------+------------+------+
; Fmax      ; Restricted Fmax ; Clock Name ; Note ;
+-----------+-----------------+------------+------+
; 63.11 MHz ; 63.11 MHz       ; dco_clk    ;      ;
+-----------+-----------------+------------+------+

====================================================================================
Logic utilization : 5 %
    Combinational ALUTs : 1,143 / 36,100 ( 3 % )
    Memory ALUTs : 0 / 18,050 ( 0 % )
    Dedicated logic registers : 539 / 36,100 ( 1 % )
Total registers : 539
Total pins : 80 / 404 ( 20 % )
Total virtual pins : 0
Total block memory bits : 81,920 / 2,939,904 ( 3 % )
DSP block 18-bit elements : 2 / 232 ( < 1 % )
Total GXB Receiver Channel PCS : 0 / 8 ( 0 % )
Total GXB Receiver Channel PMA : 0 / 8 ( 0 % )
Total GXB Transmitter Channel PCS : 0 / 8 ( 0 % )
Total GXB Transmitter Channel PMA : 0 / 8 ( 0 % )
Total PLLs : 0 / 4 ( 0 % )
Total DLLs : 0 / 2 ( 0 % )

====================================================================================
#                            SYNTHESIS DONE
#####################################################################################

#####################################################################################
#                            START SYNTHESIS (AREA optimized)
#====================================================================================
# Stratix (EP1S10F484C), speedgrade: -5
#====================================================================================
# PMEM_AWIDTH DMEM_AWIDTH  DBG_EN  DBG_HWBRK_0 DBG_HWBRK_1 DBG_HWBRK_2 DBG_HWBRK_3 MULTIPLIER
#     12          10          0         0            0          0            0         1
#====================================================================================
Type           : Clock Setup: 'dco_clk'
Slack          : -18.846 ns
Required Time  : 240.04 MHz ( period = 4.166 ns )
Actual Time    : 43.46 MHz ( period = 23.012 ns )

====================================================================================
Total logic elements : 1,730 / 10,570 ( 16 % )
Total pins : 80 / 336 ( 24 % )
Total virtual pins : 0
Total memory bits : 81,920 / 920,448 ( 9 % )
DSP block 9-bit elements : 2 / 48 ( 4 % )
Total PLLs : 0 / 6 ( 0 % )
Total DLLs : 0 / 2 ( 0 % )

====================================================================================
#                            SYNTHESIS DONE
#####################################################################################

#####################################################################################
#                            START SYNTHESIS (AREA optimized)
#====================================================================================
# Stratix (EP1S10F484C), speedgrade: -6
#====================================================================================
# PMEM_AWIDTH DMEM_AWIDTH  DBG_EN  DBG_HWBRK_0 DBG_HWBRK_1 DBG_HWBRK_2 DBG_HWBRK_3 MULTIPLIER
#     12          10          0         0            0          0            0         1
#====================================================================================
Type           : Clock Setup: 'dco_clk'
Slack          : -22.238 ns
Required Time  : 240.04 MHz ( period = 4.166 ns )
Actual Time    : 37.87 MHz ( period = 26.404 ns )

====================================================================================
Total logic elements : 1,730 / 10,570 ( 16 % )
Total pins : 80 / 336 ( 24 % )
Total virtual pins : 0
Total memory bits : 81,920 / 920,448 ( 9 % )
DSP block 9-bit elements : 2 / 48 ( 4 % )
Total PLLs : 0 / 6 ( 0 % )
Total DLLs : 0 / 2 ( 0 % )

====================================================================================
#                            SYNTHESIS DONE
#####################################################################################

#####################################################################################
#                            START SYNTHESIS (AREA optimized)
#====================================================================================
# Stratix (EP1S10F484C), speedgrade: -7
#====================================================================================
# PMEM_AWIDTH DMEM_AWIDTH  DBG_EN  DBG_HWBRK_0 DBG_HWBRK_1 DBG_HWBRK_2 DBG_HWBRK_3 MULTIPLIER
#     12          10          0         0            0          0            0         1
#====================================================================================
Type           : Clock Setup: 'dco_clk'
Slack          : -25.875 ns
Required Time  : 240.04 MHz ( period = 4.166 ns )
Actual Time    : 33.29 MHz ( period = 30.041 ns )

====================================================================================
Total logic elements : 1,730 / 10,570 ( 16 % )
Total pins : 80 / 336 ( 24 % )
Total virtual pins : 0
Total memory bits : 81,920 / 920,448 ( 9 % )
DSP block 9-bit elements : 2 / 48 ( 4 % )
Total PLLs : 0 / 6 ( 0 % )
Total DLLs : 0 / 2 ( 0 % )

====================================================================================
#                            SYNTHESIS DONE
#####################################################################################

#####################################################################################
#                            START SYNTHESIS (AREA optimized)
#====================================================================================
# Stratix II (EP2S15F484C), speedgrade: -3
#====================================================================================
# PMEM_AWIDTH DMEM_AWIDTH  DBG_EN  DBG_HWBRK_0 DBG_HWBRK_1 DBG_HWBRK_2 DBG_HWBRK_3 MULTIPLIER
#     12          10          0         0            0          0            0         1
#====================================================================================
Type           : Clock Setup: 'dco_clk'
Slack          : -10.358 ns
Required Time  : 240.04 MHz ( period = 4.166 ns )
Actual Time    : 68.85 MHz ( period = 14.524 ns )

====================================================================================
Logic utilization : 13 %
    Combinational ALUTs : 1,145 / 12,480 ( 9 % )
    Dedicated logic registers : 540 / 12,480 ( 4 % )
Total registers : 540
Total pins : 80 / 343 ( 23 % )
Total virtual pins : 0
Total block memory bits : 81,920 / 419,328 ( 20 % )
DSP block 9-bit elements : 2 / 96 ( 2 % )
Total PLLs : 0 / 6 ( 0 % )
Total DLLs : 0 / 2 ( 0 % )

====================================================================================
#                            SYNTHESIS DONE
#####################################################################################

#####################################################################################
#                            START SYNTHESIS (AREA optimized)
#====================================================================================
# Stratix II (EP2S15F484C), speedgrade: -4
#====================================================================================
# PMEM_AWIDTH DMEM_AWIDTH  DBG_EN  DBG_HWBRK_0 DBG_HWBRK_1 DBG_HWBRK_2 DBG_HWBRK_3 MULTIPLIER
#     12          10          0         0            0          0            0         1
#====================================================================================
Type           : Clock Setup: 'dco_clk'
Slack          : -12.410 ns
Required Time  : 240.04 MHz ( period = 4.166 ns )
Actual Time    : 60.33 MHz ( period = 16.576 ns )

====================================================================================
Logic utilization : 13 %
    Combinational ALUTs : 1,157 / 12,480 ( 9 % )
    Dedicated logic registers : 540 / 12,480 ( 4 % )
Total registers : 540
Total pins : 80 / 343 ( 23 % )
Total virtual pins : 0
Total block memory bits : 81,920 / 419,328 ( 20 % )
DSP block 9-bit elements : 2 / 96 ( 2 % )
Total PLLs : 0 / 6 ( 0 % )
Total DLLs : 0 / 2 ( 0 % )

====================================================================================
#                            SYNTHESIS DONE
#####################################################################################

#####################################################################################
#                            START SYNTHESIS (AREA optimized)
#====================================================================================
# Stratix II (EP2S15F484C), speedgrade: -5
#====================================================================================
# PMEM_AWIDTH DMEM_AWIDTH  DBG_EN  DBG_HWBRK_0 DBG_HWBRK_1 DBG_HWBRK_2 DBG_HWBRK_3 MULTIPLIER
#     12          10          0         0            0          0            0         1
#====================================================================================
Type           : Clock Setup: 'dco_clk'
Slack          : -15.087 ns
Required Time  : 240.04 MHz ( period = 4.166 ns )
Actual Time    : 51.94 MHz ( period = 19.253 ns )

====================================================================================
Logic utilization : 13 %
    Combinational ALUTs : 1,155 / 12,480 ( 9 % )
    Dedicated logic registers : 541 / 12,480 ( 4 % )
Total registers : 541
Total pins : 80 / 343 ( 23 % )
Total virtual pins : 0
Total block memory bits : 81,920 / 419,328 ( 20 % )
DSP block 9-bit elements : 2 / 96 ( 2 % )
Total PLLs : 0 / 6 ( 0 % )
Total DLLs : 0 / 2 ( 0 % )

====================================================================================
#                            SYNTHESIS DONE
#####################################################################################

#####################################################################################
#                            START SYNTHESIS (AREA optimized)
#====================================================================================
# Stratix III (EP3SE50F484C), speedgrade: -2
#====================================================================================
# PMEM_AWIDTH DMEM_AWIDTH  DBG_EN  DBG_HWBRK_0 DBG_HWBRK_1 DBG_HWBRK_2 DBG_HWBRK_3 MULTIPLIER
#     12          10          0         0            0          0            0         1
#====================================================================================
+-------------------------------------------------+
; Slow 1100mV 85C Model Fmax Summary              ;
+-----------+-----------------+------------+------+
; Fmax      ; Restricted Fmax ; Clock Name ; Note ;
+-----------+-----------------+------------+------+
; 87.91 MHz ; 87.91 MHz       ; dco_clk    ;      ;
+-----------+-----------------+------------+------+

====================================================================================
Logic utilization : 5 %
    Combinational ALUTs : 1,147 / 38,000 ( 3 % )
    Memory ALUTs : 0 / 19,000 ( 0 % )
    Dedicated logic registers : 538 / 38,000 ( 1 % )
Total registers : 538
Total pins : 80 / 296 ( 27 % )
Total virtual pins : 0
Total block memory bits : 81,920 / 5,455,872 ( 2 % )
DSP block 18-bit elements : 2 / 384 ( < 1 % )
Total PLLs : 0 / 4 ( 0 % )
Total DLLs : 0 / 4 ( 0 % )

====================================================================================
#                            SYNTHESIS DONE
#####################################################################################

#####################################################################################
#                            START SYNTHESIS (AREA optimized)
#====================================================================================
# Stratix III (EP3SE50F484C), speedgrade: -3
#====================================================================================
# PMEM_AWIDTH DMEM_AWIDTH  DBG_EN  DBG_HWBRK_0 DBG_HWBRK_1 DBG_HWBRK_2 DBG_HWBRK_3 MULTIPLIER
#     12          10          0         0            0          0            0         1
#====================================================================================
+-------------------------------------------------+
; Slow 1100mV 85C Model Fmax Summary              ;
+-----------+-----------------+------------+------+
; Fmax      ; Restricted Fmax ; Clock Name ; Note ;
+-----------+-----------------+------------+------+
; 81.95 MHz ; 81.95 MHz       ; dco_clk    ;      ;
+-----------+-----------------+------------+------+

====================================================================================
Logic utilization : 4 %
    Combinational ALUTs : 1,142 / 38,000 ( 3 % )
    Memory ALUTs : 0 / 19,000 ( 0 % )
    Dedicated logic registers : 539 / 38,000 ( 1 % )
Total registers : 539
Total pins : 80 / 296 ( 27 % )
Total virtual pins : 0
Total block memory bits : 81,920 / 5,455,872 ( 2 % )
DSP block 18-bit elements : 2 / 384 ( < 1 % )
Total PLLs : 0 / 4 ( 0 % )
Total DLLs : 0 / 4 ( 0 % )

====================================================================================
#                            SYNTHESIS DONE
#####################################################################################

#####################################################################################
#                            START SYNTHESIS (AREA optimized)
#====================================================================================
# Stratix III (EP3SE50F484C), speedgrade: -4
#====================================================================================
# PMEM_AWIDTH DMEM_AWIDTH  DBG_EN  DBG_HWBRK_0 DBG_HWBRK_1 DBG_HWBRK_2 DBG_HWBRK_3 MULTIPLIER
#     12          10          0         0            0          0            0         1
#====================================================================================
+-------------------------------------------------+
; Slow 1100mV 85C Model Fmax Summary              ;
+-----------+-----------------+------------+------+
; Fmax      ; Restricted Fmax ; Clock Name ; Note ;
+-----------+-----------------+------------+------+
; 72.61 MHz ; 72.61 MHz       ; dco_clk    ;      ;
+-----------+-----------------+------------+------+

====================================================================================
Logic utilization : 5 %
    Combinational ALUTs : 1,147 / 38,000 ( 3 % )
    Memory ALUTs : 0 / 19,000 ( 0 % )
    Dedicated logic registers : 539 / 38,000 ( 1 % )
Total registers : 539
Total pins : 80 / 296 ( 27 % )
Total virtual pins : 0
Total block memory bits : 81,920 / 5,455,872 ( 2 % )
DSP block 18-bit elements : 2 / 384 ( < 1 % )
Total PLLs : 0 / 4 ( 0 % )
Total DLLs : 0 / 4 ( 0 % )

====================================================================================
#                            SYNTHESIS DONE
#####################################################################################

